Loading mkl/2024.0
  Loading requirement: tbb/2021.11 compiler-rt/2024.0.2
#begin<serenity>

#==============================================================================#
#                                                                              #
#   SSSSS                                                    #########         #
#   SS    EEEE RRR  EEEE N   N II TTTTTT YY  YY          ####################  #
#   SS    E    R  R E    NN  N II   TT    YYYY        ######################## #
#   SSSSS EEEE RRR  EEEE N N N II   TT     YY      #########             ##### #
#      SS E    R R  E    N  NN II   TT     YY   #######       OOOOOOOO         #
#      SS EEEE R  R EEEE N   N II   TT     YY ########      OOOOOOOOOOOO       #
#   SSSSS                                  ########        OOOOOOOOOOOOOO      #
#                                     ###########   OOO    OOOOOOOOOOOOOO      #
# #########                   ###############      OOOOO   OOOOOOOOOOOOOO      #
# ######################################      OO   OOOOO    OOOOOOOOOOOO       #
#       #########################         O   OO    OOO       OOOOOOOO         #
#                                                                              #
#                                                                              #
#                                   Serenity                                   #
#                                                                              #
#                           A quantum chemistry code                           #
#                developed in the group of Johannes Neugebauer                 #
#                        at the University of Münster.                         #
#                                                                              #
#==============================================================================#

  Program Info:
 ---------------
    Version           :   1.6.1
    Git Branch        :   data_saver
    Serenity Home     :   /home/ngolubev/software/serenity/

  Citations:
 ------------
    First publication :
  J. P. Unsleber, T. Dresselhaus, K. Klahr, D. Schnieders, M. Böckers, D. Barton
  and J. Neugebauer, Serenity: A Subsystem Quantum Chemistry Program,
  J. Comput. Chem., 39, 788-798, (2018).

    Update paper      :
  N. Niemeyer, P. Eschenbach, M. Bensberg, J. Toelle, L. Hellmann, L. Lampe,
  A. Massolle, A. Rikus, D. Schnieders, J. P. Unsleber, and J. Neugebauer,
  The subsystem quantum chemistry program Serenity,
  Wiley Interdiscip. Rev. Comput. Mol. Sci., 13, e1647, (2023).

    Libint (2.7.0-b6) :
  Libint: A library for the evaluation of molecular integrals of many-body operators
  over Gaussian functions, v2.7.0-beta6  Edward F. Valeev, http://libint.valeyev.net/ .

    Libxc (6.1.0)     :
  S. Lehtola, C. Steigemann, M. J.T. Oliveira, and M. A.L. Marques.,  SoftwareX 7, 1–5 (2018)
  10.1016/j.softx.2017.11.002

    XCFun (v2.0.2)    :
  Ekström, U. (2020). XCFun: A library of exchange-correlation functionals with
  arbitrary-order derivatives. Zenodo. https://doi.org/10.5281/zenodo.3946698

    Libecpint (1.0.7) :
  R. A. Shaw, J. G. Hill, J. Chem. Phys. 147, 074108 (2017); doi: 10.1063/1.4986887

  Program started:
 ------------------
    Time              :   2025-04-13 16:30:45
    By                :   ngolubev
    On                :   ltamp03

    Threads           :   24
    Memory Limit      :   48908 MB

          ------------------------------------------------------------          
                                System molecule                                 
          ------------------------------------------------------------          

     Charge:                              0
     Spin:                                0
     Method:                             HF
     Basis Set:                       6-31G
  Current Geometry (Angstrom):
 ------------------------------
        1 AR   +0.0000000000   +0.0000000000   +0.0000000000



          ------------------------------------------------------------          
                                Main SCF Options                                
          ------------------------------------------------------------          

     SCF Mode:                   RESTRICTED
     Method:                             HF
     Basis Set:                       6-31G
     Basis Functions:                    13
     Caching Threshold:                  -1
     Integral Threshold:            1.0e-10

     Energy Threshold:              5.0e-08
     RMSD[D] Threshold:             1.0e-08
     DIIS Threshold:                5.0e-07
     Initial Guess:                 ATOMSCF

     Density Fitting:
       Coulomb                         NONE
       Exchange                        NONE

          ------------------------------------------------------------          
                                      SCF                                       
          ------------------------------------------------------------          

    Cycle      E/a.u.         abs(dE)/a.u.     rmsd(P)/a.u.       [F,P]/a.u.      time/min   Mode
       1  -526.7721510239              inf              inf         2.24e-04      0:00 
       2  -526.7721510006         2.32e-08         1.88e-05         1.59e-04      0:00:001    DDL
       3  -526.7721509672         3.35e-08         1.47e-05         1.11e-04      0:00:001    -DL
       4  -526.7721509756         8.41e-09         3.41e-05         6.38e-07      0:00:000    -D-
       5  -526.7721508474         1.28e-07         2.28e-07         5.45e-08      0:00:006    -D-
       6  -526.7721510920         2.45e-07         2.77e-09         5.33e-08      0:00:001    -D-
    Converged after   6 cycles. Loop exited.


          ------------------------------------------------------------          
                               Final SCF Results                                
          ------------------------------------------------------------          

Energy components as stored:
Nuclear Repulsion:                                                                     0.0000000000 
One-Particle Energy (including ECPs):                                               -728.2252303309 
Two-Particle Energy (HF):                                                            201.4530792389 
PCM Solvation Energy:                                                                  0.0000000000 
----------------------------------------------------------------------------------------------------
Derived energy components:
Total Energy (HF):                                                                  -526.7721510920 
----------------------------------------------------------------------------------------------------
    
  Orbital Energies:
 -------------------
        #    Occ.      Hartree                eV   
       ---  ------    ---------            --------
         1   2.00 -118.5946055986    -3227.1235928324
         2   2.00  -12.3181037462     -335.1926760731
         3   2.00   -9.5684429338     -260.3705942832
         4   2.00   -9.5684429338     -260.3705942832
         5   2.00   -9.5684429338     -260.3705942832
         6   2.00   -1.2747435332      -34.6875383587
         7   2.00   -0.5889180467      -16.0252763028
         8   2.00   -0.5889180467      -16.0252763028
         9   2.00   -0.5889180467      -16.0252763028
        10   0.00   +0.6266615030      +17.0523280633
        11   0.00   +0.7260220343      +19.7560658332
        12   0.00   +0.7260220343      +19.7560658332
        13   0.00   +0.7260220343      +19.7560658332
    
  Additional Analysis:
 ----------------------

   -<V>/<T> = 2.000 
      <S*S> = 0.000 
    S*(S+1) = 0.000 
          C = 0.000 


o------------------------------------------------------------------------------o
|                                Running Tasks                                 |
o------------------------------------------------------------------------------o

 o-------------o
 | Task No. 1: |
 o-------------o


          ------------------------------------------------------------          
                                Main SCF Options                                
          ------------------------------------------------------------          

     SCF Mode:                   RESTRICTED
     Method:                             HF
     Basis Set:                       6-31G
     Basis Functions:                    13
     Caching Threshold:                  -1
     Integral Threshold:            1.0e-10

     Energy Threshold:              5.0e-08
     RMSD[D] Threshold:             1.0e-08
     DIIS Threshold:                5.0e-07

     Density Fitting:
       Coulomb                         NONE
       Exchange                        NONE

          ------------------------------------------------------------          
                                      SCF                                       
          ------------------------------------------------------------          

    Cycle      E/a.u.         abs(dE)/a.u.     rmsd(P)/a.u.       [F,P]/a.u.      time/min   Mode
       1  -526.7721510920              inf              inf         1.83e-09      0:00 
       2  -526.7721510934         1.42e-09         8.49e-11         1.28e-09      0:00:000    DD-
       3  -526.7721510944         9.92e-10         5.94e-11         8.96e-10      0:00:000    -D-
    Converged after   3 cycles. Loop exited.


          ------------------------------------------------------------          
                               Final SCF Results                                
          ------------------------------------------------------------          

Energy components as stored:
Nuclear Repulsion:                                                                     0.0000000000 
One-Particle Energy (including ECPs):                                               -728.2252302769 
Two-Particle Energy (HF):                                                            201.4530791824 
PCM Solvation Energy:                                                                  0.0000000000 
----------------------------------------------------------------------------------------------------
Derived energy components:
Total Energy (HF):                                                                  -526.7721510944 
----------------------------------------------------------------------------------------------------
    
  Orbital Energies:
 -------------------
        #    Occ.      Hartree                eV   
       ---  ------    ---------            --------
         1   2.00 -118.5946056457    -3227.1235941146
         2   2.00  -12.3181037658     -335.1926766063
         3   2.00   -9.5684429473     -260.3705946484
         4   2.00   -9.5684429473     -260.3705946484
         5   2.00   -9.5684429473     -260.3705946484
         6   2.00   -1.2747435543      -34.6875389339
         7   2.00   -0.5889180494      -16.0252763777
         8   2.00   -0.5889180494      -16.0252763777
         9   2.00   -0.5889180494      -16.0252763777
        10   0.00   +0.6266615152      +17.0523283951
        11   0.00   +0.7260220412      +19.7560660214
        12   0.00   +0.7260220412      +19.7560660214
        13   0.00   +0.7260220412      +19.7560660214
    
  Additional Analysis:
 ----------------------

   -<V>/<T> = 2.000 
      <S*S> = 0.000 
    S*(S+1) = 0.000 
          C = 0.000 

    Time taken for task 1: 0.4569158740000001 s.
    
 o-------------o
 | Task No. 2: |
 o-------------o


          ------------------------------------------------------------          
                          Saving SCF data to hdf5 file                          
          ------------------------------------------------------------          

  This module will save orbital energies, coefficients, and molecular integrals to hdf5 file.

  Writing data to file data.hdf5

  Saving orbital energies...
  Saving orbital occupations...
  Saving orbital symmetries...
  Saving orbital coefficients...
  Saving integrals...
  Saving AO basis...
  Saving overlap matrix...
  Saving dipole matrices...
  dip_x
  dip_y
  dip_z
  Saving geometry...
  Saving attributes...


  Total energy: -526.772
  Active orbitals: 1...13
  Number of active orbitals: 13
  Number of occupied orbitals: 9
  Number of non-zero integrals: 4550

  Done!

    Time taken for task 2: 0.465791161 s.
    

o------------------------------------------------------------------------------o
|                                   Cleanup                                    |
o------------------------------------------------------------------------------o

    All clean and shiny

  Final Timings:
 ----------------
              Active System -         HF Pot.      0:01.325 min
              Active System -     1e-Int Pot.      0:00.010 min
              Active System -   Coul./XC Pot.      0:01.325 min
               Tech. -           DIIS/Damping      0:00.005 min
               Tech. -    Fock Matrix Solving      0:00.001 min
               Tech. - Libint Initializations      0:01.332 min

  Program ended:
 ----------------
    Time:  2025-04-13 16:30:48
    On:    ltamp03
    Time taken for the entire run: 2.492559517 s.
    

#end<serenity>
#begin<theADCcode>
  TheADCcode: A collection of ADC/ISR source codes.
  Contributors: Nikolay Golubev,
                Yasen Velkov (developer of the original version),
                Alexander Kuleff,
                Anthony Dutoi, Nicolas Sisourat, Tsveta Miteva,
                Joerg Breidbach, Imke Mueller, Nayana Vaval,
                Francesco Tarantelli, Soeren Kopelke,
                Sajeev Yesodharan, Kirill Gokhberg, Robin Santra

  I will read data from data.hdf5 file.
  Reading data structure integrals...
  Reading data structure indices...
  Reading attribute nActOrbs...
  Reading attribute nOccOrb...
  Reading attribute nSym...
  Reading attribute nCenters...
  Reading attribute nIntegrals...
  Reading data structure irreps...
  Reading attribute energy...
  Reading data structure energies...
  Reading data structure occs...
  SCF data obtained from HDF5.
  m.o.	sym	energy(a.u.)
  -----------------------------
  1	1	-118.595
  2	1	-12.3181
  3	1	-9.56844
  4	1	-9.56844
  5	1	-9.56844
  6	1	-1.27474
  7	1	-0.588918
  8	1	-0.588918
  9	1	-0.588918
  10	1	0.626662
  11	1	0.726022
  12	1	0.726022
  13	1	0.726022

 Integral table loaded:
 type (OO|OO) integrals: 1164 of 1035 found.
 type (OV|OO) integrals: 1800 of 1620 found.
 type (OV|OV) integrals: 720 of 666 found.
 type (VV|OO) integrals: 450 of 450 found.
 type (VV|OV) integrals: 360 of 360 found.
 type (VV|VV) integrals: 68 of 55 found.

 Input summary:
 Second-order ADC polarization propagator
              Symmetries: 1
                   Spins: 1
 Static self-energy / density matrix:
                   Order: infinite
                  IDIAGL: 1

                   Tasks: Diagonalization:  Lanczos
  Reading attribute energy...
  Reading data structure energies...
  Reading attribute nActOrbs...
  Reading attribute nBasisFunc...
  Reading data structure coefficients...
 Number of loaded molecular integrals: 4550

 ----------------------------------------------------
 VORSICHT: gepatchte Version!!!    JB(9/2001)
   Gibt 2p1h-Matrix auch aus, falls in dieser
   Symmetrie kein besetztes Orbital.

   STOKOP muss(!) .true. sein !!!
 ----------------------------------------------------

 -----------------------------------------------------------------------------------------------------------------------------


  I N P U T                                                                                                            (INPUT)
 -----------------------------------------------------------------------------------------------------------------------------

  NAMELIST /INPUT/ :

  ICHECK  =       -1    MAXINT  =     4186   NBUF    =     1000
  MAXDIM  =      144   NROOP   =      200    MAXFUN  =       13   IDIAGL  =        1
  MAXSTA  =    10000   LUNG    = 10000000    MAXORB  =       13   MAXIT   =       30
  MAXSYM  =        1

  NAMELIST /NOSTAN/ :

  AKRIT   = 0.100E-08       IORDER  =         3        IAB3    =         F
  ECUT    = 0.000E+00       ISYM    =         0        IDYSN   =         F
  ESHFT   = 0.000E+00       IREADQ  =         0        STOKOP  =         F
  DEGEN   = 0.500E-03



 -----------------------------------------------------------------------------------------------------------------------------
                              SYMMETRY ANALYSIS DONE
 -----------------------------------------------------------------------------------------------------------------------------



     NO. OF GTOS           13
     NO. OF SCF VECTORS    13



 ISYM  1  1  1  1  1  1  1  1  1  1  1  1  1
 Selecting initial 1h1p subspace

***             Number of 1h-1p configs in the IS ADC     36

------------------------------------------------------------
 Singly excited configurations allowed in the Fin. St. Manif.

*   CNF   SPN   HL1   PT1

*     1     1     1    10
*     2     1     2    10
*     3     1     3    10
*     4     1     4    10
*     5     1     5    10
*     6     1     6    10
*     7     1     7    10
*     8     1     8    10
*     9     1     9    10
*    10     1     1    11
*    11     1     2    11
*    12     1     3    11
*    13     1     4    11
*    14     1     5    11
*    15     1     6    11
*    16     1     7    11
*    17     1     8    11
*    18     1     9    11
*    19     1     1    12
*    20     1     2    12
*    21     1     3    12
*    22     1     4    12
*    23     1     5    12
*    24     1     6    12
*    25     1     7    12
*    26     1     8    12
*    27     1     9    12
*    28     1     1    13
*    29     1     2    13
*    30     1     3    13
*    31     1     4    13
*    32     1     5    13
*    33     1     6    13
*    34     1     7    13
*    35     1     8    13
*    36     1     9    13
 Selecting initial 2h2p subspace

***      Number of 2h-2p |abij> configs in the IS ADC    666

------------------------------------------------------------
  Doubly excited |abij> configs allowed in the Init. St. Manif.

*   CNF   SPN   HL1   HL2   PT1   PT2

*      37     1     1     1    10    10
*      38     1     1     1    11    11
*      39     1     1     1    12    12
*      40     1     1     1    13    13
*      41     1     2     2    10    10
*      42     1     2     2    11    11
*      43     1     2     2    12    12
*      44     1     2     2    13    13
*      45     1     3     3    10    10
*      46     1     3     3    11    11
*      47     1     3     3    12    12
*      48     1     3     3    13    13
*      49     1     4     4    10    10
*      50     1     4     4    11    11
*      51     1     4     4    12    12
*      52     1     4     4    13    13
*      53     1     5     5    10    10
*      54     1     5     5    11    11
*      55     1     5     5    12    12
*      56     1     5     5    13    13
*      57     1     6     6    10    10
*      58     1     6     6    11    11
*      59     1     6     6    12    12
*      60     1     6     6    13    13
*      61     1     7     7    10    10
*      62     1     7     7    11    11
*      63     1     7     7    12    12
*      64     1     7     7    13    13
*      65     1     8     8    10    10
*      66     1     8     8    11    11
*      67     1     8     8    12    12
*      68     1     8     8    13    13
*      69     1     9     9    10    10
*      70     1     9     9    11    11
*      71     1     9     9    12    12
*      72     1     9     9    13    13
*      73     1     1     1    10    11
*      74     1     2     2    10    11
*      75     1     3     3    10    11
*      76     1     4     4    10    11
*      77     1     5     5    10    11
*      78     1     6     6    10    11
*      79     1     7     7    10    11
*      80     1     8     8    10    11
*      81     1     9     9    10    11
*      82     1     1     1    10    12
*      83     1     2     2    10    12
*      84     1     3     3    10    12
*      85     1     4     4    10    12
*      86     1     5     5    10    12
*      87     1     6     6    10    12
*      88     1     7     7    10    12
*      89     1     8     8    10    12
*      90     1     9     9    10    12
*      91     1     1     1    10    13
*      92     1     2     2    10    13
*      93     1     3     3    10    13
*      94     1     4     4    10    13
*      95     1     5     5    10    13
*      96     1     6     6    10    13
*      97     1     7     7    10    13
*      98     1     8     8    10    13
*      99     1     9     9    10    13
*     100     1     1     1    11    12
*     101     1     2     2    11    12
*     102     1     3     3    11    12
*     103     1     4     4    11    12
*     104     1     5     5    11    12
*     105     1     6     6    11    12
*     106     1     7     7    11    12
*     107     1     8     8    11    12
*     108     1     9     9    11    12
*     109     1     1     1    11    13
*     110     1     2     2    11    13
*     111     1     3     3    11    13
*     112     1     4     4    11    13
*     113     1     5     5    11    13
*     114     1     6     6    11    13
*     115     1     7     7    11    13
*     116     1     8     8    11    13
*     117     1     9     9    11    13
*     118     1     1     1    12    13
*     119     1     2     2    12    13
*     120     1     3     3    12    13
*     121     1     4     4    12    13
*     122     1     5     5    12    13
*     123     1     6     6    12    13
*     124     1     7     7    12    13
*     125     1     8     8    12    13
*     126     1     9     9    12    13
*     127     1     1     2    10    10
*     128     1     1     2    11    11
*     129     1     1     2    12    12
*     130     1     1     2    13    13
*     131     1     1     3    10    10
*     132     1     1     3    11    11
*     133     1     1     3    12    12
*     134     1     1     3    13    13
*     135     1     1     4    10    10
*     136     1     1     4    11    11
*     137     1     1     4    12    12
*     138     1     1     4    13    13
*     139     1     1     5    10    10
*     140     1     1     5    11    11
*     141     1     1     5    12    12
*     142     1     1     5    13    13
*     143     1     1     6    10    10
*     144     1     1     6    11    11
*     145     1     1     6    12    12
*     146     1     1     6    13    13
*     147     1     1     7    10    10
*     148     1     1     7    11    11
*     149     1     1     7    12    12
*     150     1     1     7    13    13
*     151     1     1     8    10    10
*     152     1     1     8    11    11
*     153     1     1     8    12    12
*     154     1     1     8    13    13
*     155     1     1     9    10    10
*     156     1     1     9    11    11
*     157     1     1     9    12    12
*     158     1     1     9    13    13
*     159     1     2     3    10    10
*     160     1     2     3    11    11
*     161     1     2     3    12    12
*     162     1     2     3    13    13
*     163     1     2     4    10    10
*     164     1     2     4    11    11
*     165     1     2     4    12    12
*     166     1     2     4    13    13
*     167     1     2     5    10    10
*     168     1     2     5    11    11
*     169     1     2     5    12    12
*     170     1     2     5    13    13
*     171     1     2     6    10    10
*     172     1     2     6    11    11
*     173     1     2     6    12    12
*     174     1     2     6    13    13
*     175     1     2     7    10    10
*     176     1     2     7    11    11
*     177     1     2     7    12    12
*     178     1     2     7    13    13
*     179     1     2     8    10    10
*     180     1     2     8    11    11
*     181     1     2     8    12    12
*     182     1     2     8    13    13
*     183     1     2     9    10    10
*     184     1     2     9    11    11
*     185     1     2     9    12    12
*     186     1     2     9    13    13
*     187     1     3     4    10    10
*     188     1     3     4    11    11
*     189     1     3     4    12    12
*     190     1     3     4    13    13
*     191     1     3     5    10    10
*     192     1     3     5    11    11
*     193     1     3     5    12    12
*     194     1     3     5    13    13
*     195     1     3     6    10    10
*     196     1     3     6    11    11
*     197     1     3     6    12    12
*     198     1     3     6    13    13
*     199     1     3     7    10    10
*     200     1     3     7    11    11
*     201     1     3     7    12    12
*     202     1     3     7    13    13
*     203     1     3     8    10    10
*     204     1     3     8    11    11
*     205     1     3     8    12    12
*     206     1     3     8    13    13
*     207     1     3     9    10    10
*     208     1     3     9    11    11
*     209     1     3     9    12    12
*     210     1     3     9    13    13
*     211     1     4     5    10    10
*     212     1     4     5    11    11
*     213     1     4     5    12    12
*     214     1     4     5    13    13
*     215     1     4     6    10    10
*     216     1     4     6    11    11
*     217     1     4     6    12    12
*     218     1     4     6    13    13
*     219     1     4     7    10    10
*     220     1     4     7    11    11
*     221     1     4     7    12    12
*     222     1     4     7    13    13
*     223     1     4     8    10    10
*     224     1     4     8    11    11
*     225     1     4     8    12    12
*     226     1     4     8    13    13
*     227     1     4     9    10    10
*     228     1     4     9    11    11
*     229     1     4     9    12    12
*     230     1     4     9    13    13
*     231     1     5     6    10    10
*     232     1     5     6    11    11
*     233     1     5     6    12    12
*     234     1     5     6    13    13
*     235     1     5     7    10    10
*     236     1     5     7    11    11
*     237     1     5     7    12    12
*     238     1     5     7    13    13
*     239     1     5     8    10    10
*     240     1     5     8    11    11
*     241     1     5     8    12    12
*     242     1     5     8    13    13
*     243     1     5     9    10    10
*     244     1     5     9    11    11
*     245     1     5     9    12    12
*     246     1     5     9    13    13
*     247     1     6     7    10    10
*     248     1     6     7    11    11
*     249     1     6     7    12    12
*     250     1     6     7    13    13
*     251     1     6     8    10    10
*     252     1     6     8    11    11
*     253     1     6     8    12    12
*     254     1     6     8    13    13
*     255     1     6     9    10    10
*     256     1     6     9    11    11
*     257     1     6     9    12    12
*     258     1     6     9    13    13
*     259     1     7     8    10    10
*     260     1     7     8    11    11
*     261     1     7     8    12    12
*     262     1     7     8    13    13
*     263     1     7     9    10    10
*     264     1     7     9    11    11
*     265     1     7     9    12    12
*     266     1     7     9    13    13
*     267     1     8     9    10    10
*     268     1     8     9    11    11
*     269     1     8     9    12    12
*     270     1     8     9    13    13
*     271    11     1     2    10    11
*     272    11     1     2    10    12
*     273    11     1     2    10    13
*     274    11     1     2    11    12
*     275    11     1     2    11    13
*     276    11     1     2    12    13
*     277    11     1     3    10    11
*     278    11     1     3    10    12
*     279    11     1     3    10    13
*     280    11     1     3    11    12
*     281    11     1     3    11    13
*     282    11     1     3    12    13
*     283    11     1     4    10    11
*     284    11     1     4    10    12
*     285    11     1     4    10    13
*     286    11     1     4    11    12
*     287    11     1     4    11    13
*     288    11     1     4    12    13
*     289    11     1     5    10    11
*     290    11     1     5    10    12
*     291    11     1     5    10    13
*     292    11     1     5    11    12
*     293    11     1     5    11    13
*     294    11     1     5    12    13
*     295    11     1     6    10    11
*     296    11     1     6    10    12
*     297    11     1     6    10    13
*     298    11     1     6    11    12
*     299    11     1     6    11    13
*     300    11     1     6    12    13
*     301    11     1     7    10    11
*     302    11     1     7    10    12
*     303    11     1     7    10    13
*     304    11     1     7    11    12
*     305    11     1     7    11    13
*     306    11     1     7    12    13
*     307    11     1     8    10    11
*     308    11     1     8    10    12
*     309    11     1     8    10    13
*     310    11     1     8    11    12
*     311    11     1     8    11    13
*     312    11     1     8    12    13
*     313    11     1     9    10    11
*     314    11     1     9    10    12
*     315    11     1     9    10    13
*     316    11     1     9    11    12
*     317    11     1     9    11    13
*     318    11     1     9    12    13
*     319    11     2     3    10    11
*     320    11     2     3    10    12
*     321    11     2     3    10    13
*     322    11     2     3    11    12
*     323    11     2     3    11    13
*     324    11     2     3    12    13
*     325    11     2     4    10    11
*     326    11     2     4    10    12
*     327    11     2     4    10    13
*     328    11     2     4    11    12
*     329    11     2     4    11    13
*     330    11     2     4    12    13
*     331    11     2     5    10    11
*     332    11     2     5    10    12
*     333    11     2     5    10    13
*     334    11     2     5    11    12
*     335    11     2     5    11    13
*     336    11     2     5    12    13
*     337    11     2     6    10    11
*     338    11     2     6    10    12
*     339    11     2     6    10    13
*     340    11     2     6    11    12
*     341    11     2     6    11    13
*     342    11     2     6    12    13
*     343    11     2     7    10    11
*     344    11     2     7    10    12
*     345    11     2     7    10    13
*     346    11     2     7    11    12
*     347    11     2     7    11    13
*     348    11     2     7    12    13
*     349    11     2     8    10    11
*     350    11     2     8    10    12
*     351    11     2     8    10    13
*     352    11     2     8    11    12
*     353    11     2     8    11    13
*     354    11     2     8    12    13
*     355    11     2     9    10    11
*     356    11     2     9    10    12
*     357    11     2     9    10    13
*     358    11     2     9    11    12
*     359    11     2     9    11    13
*     360    11     2     9    12    13
*     361    11     3     4    10    11
*     362    11     3     4    10    12
*     363    11     3     4    10    13
*     364    11     3     4    11    12
*     365    11     3     4    11    13
*     366    11     3     4    12    13
*     367    11     3     5    10    11
*     368    11     3     5    10    12
*     369    11     3     5    10    13
*     370    11     3     5    11    12
*     371    11     3     5    11    13
*     372    11     3     5    12    13
*     373    11     3     6    10    11
*     374    11     3     6    10    12
*     375    11     3     6    10    13
*     376    11     3     6    11    12
*     377    11     3     6    11    13
*     378    11     3     6    12    13
*     379    11     3     7    10    11
*     380    11     3     7    10    12
*     381    11     3     7    10    13
*     382    11     3     7    11    12
*     383    11     3     7    11    13
*     384    11     3     7    12    13
*     385    11     3     8    10    11
*     386    11     3     8    10    12
*     387    11     3     8    10    13
*     388    11     3     8    11    12
*     389    11     3     8    11    13
*     390    11     3     8    12    13
*     391    11     3     9    10    11
*     392    11     3     9    10    12
*     393    11     3     9    10    13
*     394    11     3     9    11    12
*     395    11     3     9    11    13
*     396    11     3     9    12    13
*     397    11     4     5    10    11
*     398    11     4     5    10    12
*     399    11     4     5    10    13
*     400    11     4     5    11    12
*     401    11     4     5    11    13
*     402    11     4     5    12    13
*     403    11     4     6    10    11
*     404    11     4     6    10    12
*     405    11     4     6    10    13
*     406    11     4     6    11    12
*     407    11     4     6    11    13
*     408    11     4     6    12    13
*     409    11     4     7    10    11
*     410    11     4     7    10    12
*     411    11     4     7    10    13
*     412    11     4     7    11    12
*     413    11     4     7    11    13
*     414    11     4     7    12    13
*     415    11     4     8    10    11
*     416    11     4     8    10    12
*     417    11     4     8    10    13
*     418    11     4     8    11    12
*     419    11     4     8    11    13
*     420    11     4     8    12    13
*     421    11     4     9    10    11
*     422    11     4     9    10    12
*     423    11     4     9    10    13
*     424    11     4     9    11    12
*     425    11     4     9    11    13
*     426    11     4     9    12    13
*     427    11     5     6    10    11
*     428    11     5     6    10    12
*     429    11     5     6    10    13
*     430    11     5     6    11    12
*     431    11     5     6    11    13
*     432    11     5     6    12    13
*     433    11     5     7    10    11
*     434    11     5     7    10    12
*     435    11     5     7    10    13
*     436    11     5     7    11    12
*     437    11     5     7    11    13
*     438    11     5     7    12    13
*     439    11     5     8    10    11
*     440    11     5     8    10    12
*     441    11     5     8    10    13
*     442    11     5     8    11    12
*     443    11     5     8    11    13
*     444    11     5     8    12    13
*     445    11     5     9    10    11
*     446    11     5     9    10    12
*     447    11     5     9    10    13
*     448    11     5     9    11    12
*     449    11     5     9    11    13
*     450    11     5     9    12    13
*     451    11     6     7    10    11
*     452    11     6     7    10    12
*     453    11     6     7    10    13
*     454    11     6     7    11    12
*     455    11     6     7    11    13
*     456    11     6     7    12    13
*     457    11     6     8    10    11
*     458    11     6     8    10    12
*     459    11     6     8    10    13
*     460    11     6     8    11    12
*     461    11     6     8    11    13
*     462    11     6     8    12    13
*     463    11     6     9    10    11
*     464    11     6     9    10    12
*     465    11     6     9    10    13
*     466    11     6     9    11    12
*     467    11     6     9    11    13
*     468    11     6     9    12    13
*     469    11     7     8    10    11
*     470    11     7     8    10    12
*     471    11     7     8    10    13
*     472    11     7     8    11    12
*     473    11     7     8    11    13
*     474    11     7     8    12    13
*     475    11     7     9    10    11
*     476    11     7     9    10    12
*     477    11     7     9    10    13
*     478    11     7     9    11    12
*     479    11     7     9    11    13
*     480    11     7     9    12    13
*     481    11     8     9    10    11
*     482    11     8     9    10    12
*     483    11     8     9    10    13
*     484    11     8     9    11    12
*     485    11     8     9    11    13
*     486    11     8     9    12    13
*     487    12     1     2    10    11
*     488    12     1     2    10    12
*     489    12     1     2    10    13
*     490    12     1     2    11    12
*     491    12     1     2    11    13
*     492    12     1     2    12    13
*     493    12     1     3    10    11
*     494    12     1     3    10    12
*     495    12     1     3    10    13
*     496    12     1     3    11    12
*     497    12     1     3    11    13
*     498    12     1     3    12    13
*     499    12     1     4    10    11
*     500    12     1     4    10    12
*     501    12     1     4    10    13
*     502    12     1     4    11    12
*     503    12     1     4    11    13
*     504    12     1     4    12    13
*     505    12     1     5    10    11
*     506    12     1     5    10    12
*     507    12     1     5    10    13
*     508    12     1     5    11    12
*     509    12     1     5    11    13
*     510    12     1     5    12    13
*     511    12     1     6    10    11
*     512    12     1     6    10    12
*     513    12     1     6    10    13
*     514    12     1     6    11    12
*     515    12     1     6    11    13
*     516    12     1     6    12    13
*     517    12     1     7    10    11
*     518    12     1     7    10    12
*     519    12     1     7    10    13
*     520    12     1     7    11    12
*     521    12     1     7    11    13
*     522    12     1     7    12    13
*     523    12     1     8    10    11
*     524    12     1     8    10    12
*     525    12     1     8    10    13
*     526    12     1     8    11    12
*     527    12     1     8    11    13
*     528    12     1     8    12    13
*     529    12     1     9    10    11
*     530    12     1     9    10    12
*     531    12     1     9    10    13
*     532    12     1     9    11    12
*     533    12     1     9    11    13
*     534    12     1     9    12    13
*     535    12     2     3    10    11
*     536    12     2     3    10    12
*     537    12     2     3    10    13
*     538    12     2     3    11    12
*     539    12     2     3    11    13
*     540    12     2     3    12    13
*     541    12     2     4    10    11
*     542    12     2     4    10    12
*     543    12     2     4    10    13
*     544    12     2     4    11    12
*     545    12     2     4    11    13
*     546    12     2     4    12    13
*     547    12     2     5    10    11
*     548    12     2     5    10    12
*     549    12     2     5    10    13
*     550    12     2     5    11    12
*     551    12     2     5    11    13
*     552    12     2     5    12    13
*     553    12     2     6    10    11
*     554    12     2     6    10    12
*     555    12     2     6    10    13
*     556    12     2     6    11    12
*     557    12     2     6    11    13
*     558    12     2     6    12    13
*     559    12     2     7    10    11
*     560    12     2     7    10    12
*     561    12     2     7    10    13
*     562    12     2     7    11    12
*     563    12     2     7    11    13
*     564    12     2     7    12    13
*     565    12     2     8    10    11
*     566    12     2     8    10    12
*     567    12     2     8    10    13
*     568    12     2     8    11    12
*     569    12     2     8    11    13
*     570    12     2     8    12    13
*     571    12     2     9    10    11
*     572    12     2     9    10    12
*     573    12     2     9    10    13
*     574    12     2     9    11    12
*     575    12     2     9    11    13
*     576    12     2     9    12    13
*     577    12     3     4    10    11
*     578    12     3     4    10    12
*     579    12     3     4    10    13
*     580    12     3     4    11    12
*     581    12     3     4    11    13
*     582    12     3     4    12    13
*     583    12     3     5    10    11
*     584    12     3     5    10    12
*     585    12     3     5    10    13
*     586    12     3     5    11    12
*     587    12     3     5    11    13
*     588    12     3     5    12    13
*     589    12     3     6    10    11
*     590    12     3     6    10    12
*     591    12     3     6    10    13
*     592    12     3     6    11    12
*     593    12     3     6    11    13
*     594    12     3     6    12    13
*     595    12     3     7    10    11
*     596    12     3     7    10    12
*     597    12     3     7    10    13
*     598    12     3     7    11    12
*     599    12     3     7    11    13
*     600    12     3     7    12    13
*     601    12     3     8    10    11
*     602    12     3     8    10    12
*     603    12     3     8    10    13
*     604    12     3     8    11    12
*     605    12     3     8    11    13
*     606    12     3     8    12    13
*     607    12     3     9    10    11
*     608    12     3     9    10    12
*     609    12     3     9    10    13
*     610    12     3     9    11    12
*     611    12     3     9    11    13
*     612    12     3     9    12    13
*     613    12     4     5    10    11
*     614    12     4     5    10    12
*     615    12     4     5    10    13
*     616    12     4     5    11    12
*     617    12     4     5    11    13
*     618    12     4     5    12    13
*     619    12     4     6    10    11
*     620    12     4     6    10    12
*     621    12     4     6    10    13
*     622    12     4     6    11    12
*     623    12     4     6    11    13
*     624    12     4     6    12    13
*     625    12     4     7    10    11
*     626    12     4     7    10    12
*     627    12     4     7    10    13
*     628    12     4     7    11    12
*     629    12     4     7    11    13
*     630    12     4     7    12    13
*     631    12     4     8    10    11
*     632    12     4     8    10    12
*     633    12     4     8    10    13
*     634    12     4     8    11    12
*     635    12     4     8    11    13
*     636    12     4     8    12    13
*     637    12     4     9    10    11
*     638    12     4     9    10    12
*     639    12     4     9    10    13
*     640    12     4     9    11    12
*     641    12     4     9    11    13
*     642    12     4     9    12    13
*     643    12     5     6    10    11
*     644    12     5     6    10    12
*     645    12     5     6    10    13
*     646    12     5     6    11    12
*     647    12     5     6    11    13
*     648    12     5     6    12    13
*     649    12     5     7    10    11
*     650    12     5     7    10    12
*     651    12     5     7    10    13
*     652    12     5     7    11    12
*     653    12     5     7    11    13
*     654    12     5     7    12    13
*     655    12     5     8    10    11
*     656    12     5     8    10    12
*     657    12     5     8    10    13
*     658    12     5     8    11    12
*     659    12     5     8    11    13
*     660    12     5     8    12    13
*     661    12     5     9    10    11
*     662    12     5     9    10    12
*     663    12     5     9    10    13
*     664    12     5     9    11    12
*     665    12     5     9    11    13
*     666    12     5     9    12    13
*     667    12     6     7    10    11
*     668    12     6     7    10    12
*     669    12     6     7    10    13
*     670    12     6     7    11    12
*     671    12     6     7    11    13
*     672    12     6     7    12    13
*     673    12     6     8    10    11
*     674    12     6     8    10    12
*     675    12     6     8    10    13
*     676    12     6     8    11    12
*     677    12     6     8    11    13
*     678    12     6     8    12    13
*     679    12     6     9    10    11
*     680    12     6     9    10    12

 Computing spectrum for symmetry 1, spin 2
 Number of ISR configurations: 702
 Lanczos with fast band-matrix diagonalizing: block size 36
 Iteration:0 time: 0 s
 Iteration:1 time: 0 s
 Iteration:2 time: 0 s
 Iteration:3 time: 0 s
 Iteration:4 time: 0 s
 Iteration:5 time: 0 s
 Iteration:6 time: 0 s
 Iteration:7 time: 0 s
 Iteration:8 time: 0 s
 Iteration:9 time: 0 s
 Iteration:10 time: 0 s
 Iteration:11 time: 0 s
 Iteration:12 time: 0 s
 Iteration:13 time: 0 s
 Iteration:14 time: 0 s
 Iteration:15 time: 0 s
 Iteration:16 time: 0 s
 Iteration:17 time: 0 s
 Iteration:18 time: 0 s
 Iteration:19 time: 0 s
 Iteration:20 time: 0 s
 Size of Lanczos space: 720
 Diagonalizing band matrix,  time: 0 s
 Warning: 159 spurious Lanczos roots will be dropped.
 Eigenvalues and eigenvectors fetched for  time: 0 s


 Eigenvalue (eV), ps (%), residue
 ----------------------------------


 1: 22.849643, 99.45, 0.000000
 Overlaps with main-space configurations:
 <9,10|:-0.863570

 2: 22.849643, 99.45, 0.000000
 Overlaps with main-space configurations:
 <7,10|: 0.931997

 3: 22.849643, 99.45, 0.000000
 Overlaps with main-space configurations:
 <8,10|: 0.905875

 4: 25.278907, 99.52, 0.000000
 Overlaps with main-space configurations:
 <9,13|: 0.690004 <8,12|:-0.531651

 5: 25.278907, 99.52, 0.000000
 Overlaps with main-space configurations:
 <7,13|:-0.503937

 6: 25.278907, 99.52, 0.000000
 Overlaps with main-space configurations:
 <8,11|: 0.668653

 7: 25.278907, 99.52, 0.000000
 Overlaps with main-space configurations:
 <7,11|: 0.526032

 8: 25.278907, 99.52, 0.000000
 Overlaps with main-space configurations:
 <8,13|: 0.749636

 9: 25.343453, 99.64, 0.000000
 Overlaps with main-space configurations:
 <8,12|: 0.517696

 10: 25.343453, 99.64, 0.000000
 Overlaps with main-space configurations:
 <7,12|:-0.698417 <9,11|:-0.608485

 11: 25.343453, 99.64, 0.000000
 Overlaps with main-space configurations:
 <7,13|:-0.586511 <8,11|: 0.509417

 12: 31.822723, 98.95, 0.000000
 Overlaps with main-space configurations:
 <7,11|:-0.547701 <9,12|: 0.520136

 13: 42.105716, 98.65, 0.000000
 Overlaps with main-space configurations:
 <6,10|:-0.985409

 14: 43.916258, 98.91, 0.000000
 Overlaps with main-space configurations:
 <6,12|: 0.990407

 15: 43.916258, 98.91, 0.000000
 Overlaps with main-space configurations:
 <6,13|:-0.980285

 16: 43.916258, 98.91, 0.000000
 Overlaps with main-space configurations:
 <6,11|: 0.978295

 122: 258.070895, 93.06, 0.000000
 Overlaps with main-space configurations:
 <4,10|:-0.886235

 123: 258.070895, 93.06, 0.000000
 Overlaps with main-space configurations:
 <3,10|:-0.702776 <5,10|: 0.588787

 124: 258.070895, 93.06, 0.000000
 Overlaps with main-space configurations:
 <5,10|:-0.665405 <3,10|:-0.657638

 125: 260.406837, 93.58, 0.000000
 Overlaps with main-space configurations:
 <4,13|:-0.526103

 126: 260.406837, 93.58, 0.000000

 127: 260.406837, 93.58, 0.000000
 Overlaps with main-space configurations:
 <4,11|: 0.536923 <3,12|:-0.519105

 128: 260.406837, 93.58, 0.000000

 129: 260.406837, 93.58, 0.000000
 Overlaps with main-space configurations:
 <5,12|: 0.510530

 130: 260.550416, 93.61, 0.000000
 Overlaps with main-space configurations:
 <3,13|: 0.617254 <5,11|: 0.544252

 131: 260.550416, 93.61, 0.000000
 Overlaps with main-space configurations:
 <4,13|: 0.536409

 132: 260.550416, 93.61, 0.000000
 Overlaps with main-space configurations:
 <3,12|:-0.541917 <4,11|:-0.539028

 133: 263.436772, 90.92, 0.000000
 Overlaps with main-space configurations:
 <5,13|:-0.534657 <3,11|: 0.533507 <4,12|:-0.524914

 165: 316.617847, 5.51, 0.000000

 166: 316.617847, 5.51, 0.000000

 167: 316.617847, 5.51, 0.000000

 180: 319.909198, 6.39, 0.000000

 188: 329.473597, 31.10, 0.000000
 Overlaps with main-space configurations:
 <2,10|:-0.557400

 192: 331.443559, 36.93, 0.000000
 Overlaps with main-space configurations:
 <2,12|: 0.505845

 193: 331.443559, 36.93, 0.000000
 Overlaps with main-space configurations:
 <2,13|: 0.506404

 194: 331.443559, 36.93, 0.000000
 Overlaps with main-space configurations:
 <2,11|:-0.599944

 218: 336.676495, 60.81, 0.000000
 Overlaps with main-space configurations:
 <2,10|:-0.779548

 220: 339.325356, 55.92, 0.000000
 Overlaps with main-space configurations:
 <2,12|: 0.744719

 221: 339.325356, 55.92, 0.000000
 Overlaps with main-space configurations:
 <2,13|: 0.740130

 222: 339.325356, 55.92, 0.000000
 Overlaps with main-space configurations:
 <2,11|: 0.737924

 262: 391.283083, 5.36, 0.000000

 398: 3219.624442, 90.26, 0.000000
 Overlaps with main-space configurations:
 <1,10|: 0.950054

 399: 3221.811572, 90.97, 0.000000
 Overlaps with main-space configurations:
 <1,12|: 0.928852

 400: 3221.811572, 90.97, 0.000000
 Overlaps with main-space configurations:
 <1,11|: 0.928139

 401: 3221.811572, 90.97, 0.000000
 Overlaps with main-space configurations:
 <1,13|: 0.911992

 446: 3284.874718, 6.75, 0.000000

 447: 3286.691907, 5.38, 0.000000

 448: 3286.691907, 5.38, 0.000000

 449: 3286.691907, 5.38, 0.000000

 Tasks accomplished.
*     681    12     6     9    10    13
*     682    12     6     9    11    12
*     683    12     6     9    11    13
*     684    12     6     9    12    13
*     685    12     7     8    10    11
*     686    12     7     8    10    12
*     687    12     7     8    10    13
*     688    12     7     8    11    12
*     689    12     7     8    11    13
*     690    12     7     8    12    13
*     691    12     7     9    10    11
*     692    12     7     9    10    12
*     693    12     7     9    10    13
*     694    12     7     9    11    12
*     695    12     7     9    11    13
*     696    12     7     9    12    13
*     697    12     8     9    10    11
*     698    12     8     9    10    12
*     699    12     8     9    10    13
*     700    12     8     9    11    12
*     701    12     8     9    11    13
*     702    12     8     9    12    13
#end<theADCcode>
